TN:
SF:/Users/ohda/Dev/blog/jekylltutorial/_site/assets/js/script.js
FN:5,handleClick
FN:10,(anonymous_1)
FNF:2
FNH:0
FNDA:0,handleClick
FNDA:0,(anonymous_1)
DA:1,0
DA:2,0
DA:6,0
DA:7,0
DA:10,0
DA:11,0
DA:12,0
DA:13,0
DA:14,0
LF:9
LH:0
BRF:0
BRH:0
end_of_record
TN:
SF:/Users/ohda/Dev/blog/jekylltutorial/assets/js/script.js
FN:5,handleClick
FN:10,(anonymous_1)
FNF:2
FNH:0
FNDA:0,handleClick
FNDA:0,(anonymous_1)
DA:1,0
DA:2,0
DA:6,0
DA:7,0
DA:10,0
DA:11,0
DA:12,0
DA:13,0
DA:14,0
LF:9
LH:0
BRF:0
BRH:0
end_of_record
